<?xml version="1.0" encoding="UTF-8"?>
<testng-results skipped="0" failed="0" ignored="0" total="5" passed="5">
  <reporter-output>
  </reporter-output>
  <suite name="Default suite" duration-ms="1501" started-at="2018-04-11T03:50:13Z" finished-at="2018-04-11T03:50:15Z">
    <groups>
    </groups>
    <test name="Default test" duration-ms="1501" started-at="2018-04-11T03:50:13Z" finished-at="2018-04-11T03:50:15Z">
      <class name="excelDatadriven.TestCase">
        <test-method status="PASS" signature="test(java.util.Map)[pri:0, instance:excelDatadriven.TestCase@18be83e4]" name="test" duration-ms="30" started-at="2018-04-11T03:50:14Z" data-provider="OlaTest" finished-at="2018-04-11T03:50:14Z">
          <params>
            <param index="0">
              <value>
                <![CDATA[{null=pass1}]]>
              </value>
            </param>
          </params>
          <reporter-output>
          </reporter-output>
        </test-method> <!-- test -->
        <test-method status="PASS" signature="test(java.util.Map)[pri:0, instance:excelDatadriven.TestCase@18be83e4]" name="test" duration-ms="5" started-at="2018-04-11T03:50:15Z" data-provider="OlaTest" finished-at="2018-04-11T03:50:15Z">
          <params>
            <param index="0">
              <value>
                <![CDATA[{null=pass2}]]>
              </value>
            </param>
          </params>
          <reporter-output>
          </reporter-output>
        </test-method> <!-- test -->
        <test-method status="PASS" signature="test(java.util.Map)[pri:0, instance:excelDatadriven.TestCase@18be83e4]" name="test" duration-ms="6" started-at="2018-04-11T03:50:15Z" data-provider="OlaTest" finished-at="2018-04-11T03:50:15Z">
          <params>
            <param index="0">
              <value>
                <![CDATA[{null=pass3}]]>
              </value>
            </param>
          </params>
          <reporter-output>
          </reporter-output>
        </test-method> <!-- test -->
        <test-method status="PASS" signature="test(java.util.Map)[pri:0, instance:excelDatadriven.TestCase@18be83e4]" name="test" duration-ms="5" started-at="2018-04-11T03:50:15Z" data-provider="OlaTest" finished-at="2018-04-11T03:50:15Z">
          <params>
            <param index="0">
              <value>
                <![CDATA[{null=pass4}]]>
              </value>
            </param>
          </params>
          <reporter-output>
          </reporter-output>
        </test-method> <!-- test -->
        <test-method status="PASS" signature="test(java.util.Map)[pri:0, instance:excelDatadriven.TestCase@18be83e4]" name="test" duration-ms="7" started-at="2018-04-11T03:50:15Z" data-provider="OlaTest" finished-at="2018-04-11T03:50:15Z">
          <params>
            <param index="0">
              <value>
                <![CDATA[{null=pass5}]]>
              </value>
            </param>
          </params>
          <reporter-output>
          </reporter-output>
        </test-method> <!-- test -->
      </class> <!-- excelDatadriven.TestCase -->
    </test> <!-- Default test -->
  </suite> <!-- Default suite -->
</testng-results>
