<?xml version="1.0" encoding="UTF-8"?>
<!-- Generated by org.testng.reporters.JUnitXMLReporter -->
<testsuite hostname="LAPTOP-8OF1CJ1H" ignored="0" name="Default test" tests="5" failures="0" timestamp="11 Apr 2018 03:50:15 GMT" time="1.501" errors="0">
  <testcase name="test" time="0.03" classname="excelDatadriven.TestCase"/>
  <testcase name="test" time="0.005" classname="excelDatadriven.TestCase"/>
  <testcase name="test" time="0.006" classname="excelDatadriven.TestCase"/>
  <testcase name="test" time="0.005" classname="excelDatadriven.TestCase"/>
  <testcase name="test" time="0.007" classname="excelDatadriven.TestCase"/>
</testsuite> <!-- Default test -->
